<?xml version="1.0" encoding="UTF-8"?>
<!-- Generated by org.testng.reporters.JUnitReportReporter -->
<testsuite ignored="0" hostname="Nithya" failures="0" tests="1" name="com.RestAPI.Test_RestAPI" time="2.391" errors="0" timestamp="28 Aug 2022 13:06:35 GMT" skipped="0">
  <testcase classname="com.RestAPI.Test_RestAPI" name="createAPI" time="2.391"/>
</testsuite> <!-- com.RestAPI.Test_RestAPI -->
